This is pdfTeX, Version 3.14159265-2.6-1.40.21 (TeX Live 2020/Arch Linux) (preloaded format=pdflatex 2021.4.15)  9 MAY 2021 02:57
entering extended mode
 restricted \write18 enabled.
 file:line:error style messages enabled.
 %&-line parsing enabled.
**tesis.tex
(./tesis.tex
LaTeX2e <2020-10-01> patch level 2
L3 programming layer <2020-12-03> xparse <2020-03-03> (./tesis.cls
Document Class: tesis 03/03/2021
(/usr/share/texmf-dist/tex/latex/base/book.cls
Document Class: book 2020/04/10 v1.4m Standard LaTeX document class
(/usr/share/texmf-dist/tex/latex/base/bk10.clo
File: bk10.clo 2020/04/10 v1.4m Standard LaTeX file (size option)
)
\c@part=\count177
\c@chapter=\count178
\c@section=\count179
\c@subsection=\count180
\c@subsubsection=\count181
\c@paragraph=\count182
\c@subparagraph=\count183
\c@figure=\count184
\c@table=\count185
\abovecaptionskip=\skip47
\belowcaptionskip=\skip48
\bibindent=\dimen138
) (/usr/share/texmf-dist/tex/latex/base/fontenc.sty
Package: fontenc 2020/08/10 v2.0s Standard LaTeX package
) (/usr/share/texmf-dist/tex/latex/base/inputenc.sty
Package: inputenc 2020/08/01 v1.3d Input encoding file
\inpenc@prehook=\toks15
\inpenc@posthook=\toks16
) (/usr/share/texmf-dist/tex/latex/psnfss/mathpazo.sty
Package: mathpazo 2020/03/25 PSNFSS-v9.3 Palatino w/ Pazo Math (D.Puga, WaS) 
\symupright=\mathgroup4
) (/usr/share/texmf-dist/tex/latex/eulervm/eulervm.sty
Package: eulervm 2005/01/11 v4.0 (WaS)
) (/usr/share/texmf-dist/tex/generic/babel/babel.sty
Package: babel 2020/10/27 3.51 The Babel package
 (/usr/share/texmf-dist/tex/generic/babel/babel.def
File: babel.def 2020/10/27 3.51 Babel common definitions
\babel@savecnt=\count186
\U@D=\dimen139
\l@babelnohyphens=\language86
 (/usr/share/texmf-dist/tex/generic/babel/txtbabel.def)
\bbl@readstream=\read2
)
\bbl@dirlevel=\count187
 (/usr/share/texmf-dist/tex/generic/babel-english/english.ldf
Language: english 2017/06/06 v3.3r English support from the babel system
Package babel Info: \l@canadian = using hyphenrules for english
(babel)             (\language0) on input line 102.
Package babel Info: \l@australian = using hyphenrules for ukenglish
(babel)             (\language21) on input line 105.
Package babel Info: \l@newzealand = using hyphenrules for ukenglish
(babel)             (\language21) on input line 108.
) (/usr/share/texmf-dist/tex/generic/babel-spanish/spanish.ldf
Language: spanish.ldf 2016/03/03 v5.0p Spanish support from the babel system
\es@quottoks=\toks17
\es@quotdepth=\count188
Package babel Info: Making " an active character on input line 561.
Package babel Info: Making < an active character on input line 707.
Package babel Info: Making > an active character on input line 707.
)) (/usr/share/texmf-dist/tex/latex/biblatex/biblatex.sty
Package: biblatex 2020/08/23 v3.15a programmable bibliographies (PK/MW)
 (/usr/share/texmf-dist/tex/generic/pdftexcmds/pdftexcmds.sty
Package: pdftexcmds 2020-06-27 v0.33 Utility functions of pdfTeX for LuaTeX (HO)
 (/usr/share/texmf-dist/tex/generic/infwarerr/infwarerr.sty
Package: infwarerr 2019/12/03 v1.5 Providing info/warning/error messages (HO)
) (/usr/share/texmf-dist/tex/generic/iftex/iftex.sty
Package: iftex 2020/03/06 v1.0d TeX engine tests
) (/usr/share/texmf-dist/tex/generic/ltxcmds/ltxcmds.sty
Package: ltxcmds 2020-05-10 v1.25 LaTeX kernel commands for general use (HO)
)
Package pdftexcmds Info: \pdf@primitive is available.
Package pdftexcmds Info: \pdf@ifprimitive is available.
Package pdftexcmds Info: \pdfdraftmode found.
) (/usr/share/texmf-dist/tex/latex/etoolbox/etoolbox.sty
Package: etoolbox 2020/10/05 v2.5k e-TeX tools for LaTeX (JAW)
\etb@tempcnta=\count189
) (/usr/share/texmf-dist/tex/latex/graphics/keyval.sty
Package: keyval 2014/10/28 v1.15 key=value parser (DPC)
\KV@toks@=\toks18
) (/usr/share/texmf-dist/tex/latex/kvoptions/kvoptions.sty
Package: kvoptions 2020-10-07 v3.14 Key value format for package options (HO)

(/usr/share/texmf-dist/tex/generic/kvsetkeys/kvsetkeys.sty
Package: kvsetkeys 2019/12/15 v1.18 Key value parser (HO)
)) (/usr/share/texmf-dist/tex/latex/logreq/logreq.sty
Package: logreq 2010/08/04 v1.0 xml request logger
\lrq@indent=\count190
 (/usr/share/texmf-dist/tex/latex/logreq/logreq.def
File: logreq.def 2010/08/04 v1.0 logreq spec v1.0
)) (/usr/share/texmf-dist/tex/latex/base/ifthen.sty
Package: ifthen 2014/09/29 v1.1c Standard LaTeX ifthen package (DPC)
) (/usr/share/texmf-dist/tex/latex/url/url.sty
\Urlmuskip=\muskip16
Package: url 2013/09/16  ver 3.4  Verb mode for urls, etc.
)
\c@tabx@nest=\count191
\c@listtotal=\count192
\c@listcount=\count193
\c@liststart=\count194
\c@liststop=\count195
\c@citecount=\count196
\c@citetotal=\count197
\c@multicitecount=\count198
\c@multicitetotal=\count199
\c@instcount=\count266
\c@maxnames=\count267
\c@minnames=\count268
\c@maxitems=\count269
\c@minitems=\count270
\c@citecounter=\count271
\c@maxcitecounter=\count272
\c@savedcitecounter=\count273
\c@uniquelist=\count274
\c@uniquename=\count275
\c@refsection=\count276
\c@refsegment=\count277
\c@maxextratitle=\count278
\c@maxextratitleyear=\count279
\c@maxextraname=\count280
\c@maxextradate=\count281
\c@maxextraalpha=\count282
\c@abbrvpenalty=\count283
\c@highnamepenalty=\count284
\c@lownamepenalty=\count285
\c@maxparens=\count286
\c@parenlevel=\count287
\blx@tempcnta=\count288
\blx@tempcntb=\count289
\blx@tempcntc=\count290
\blx@maxsection=\count291
\blx@maxsegment@0=\count292
\blx@notetype=\count293
\blx@parenlevel@text=\count294
\blx@parenlevel@foot=\count295
\blx@sectionciteorder@0=\count296
\blx@entrysetcounter=\count297
\blx@biblioinstance=\count298
\labelnumberwidth=\skip49
\labelalphawidth=\skip50
\biblabelsep=\skip51
\bibitemsep=\skip52
\bibnamesep=\skip53
\bibinitsep=\skip54
\bibparsep=\skip55
\bibhang=\skip56
\blx@bcfin=\read3
\blx@bcfout=\write3
\blx@langwohyphens=\language87
\c@mincomprange=\count299
\c@maxcomprange=\count300
\c@mincompwidth=\count301
Package biblatex Info: Trying to load biblatex default data model...
Package biblatex Info: ... file 'blx-dm.def' found.
 (/usr/share/texmf-dist/tex/latex/biblatex/blx-dm.def
File: blx-dm.def 2020/08/23 v3.15a biblatex localization (PK/MW)
)
Package biblatex Info: Trying to load biblatex style data model...
Package biblatex Info: ... file 'numeric.dbx' not found.
Package biblatex Info: Trying to load biblatex custom data model...
Package biblatex Info: ... file 'biblatex-dm.cfg' not found.
\c@afterword=\count302
\c@savedafterword=\count303
\c@annotator=\count304
\c@savedannotator=\count305
\c@author=\count306
\c@savedauthor=\count307
\c@bookauthor=\count308
\c@savedbookauthor=\count309
\c@commentator=\count310
\c@savedcommentator=\count311
\c@editor=\count312
\c@savededitor=\count313
\c@editora=\count314
\c@savededitora=\count315
\c@editorb=\count316
\c@savededitorb=\count317
\c@editorc=\count318
\c@savededitorc=\count319
\c@foreword=\count320
\c@savedforeword=\count321
\c@holder=\count322
\c@savedholder=\count323
\c@introduction=\count324
\c@savedintroduction=\count325
\c@namea=\count326
\c@savednamea=\count327
\c@nameb=\count328
\c@savednameb=\count329
\c@namec=\count330
\c@savednamec=\count331
\c@translator=\count332
\c@savedtranslator=\count333
\c@shortauthor=\count334
\c@savedshortauthor=\count335
\c@shorteditor=\count336
\c@savedshorteditor=\count337
\c@labelname=\count338
\c@savedlabelname=\count339
\c@institution=\count340
\c@savedinstitution=\count341
\c@lista=\count342
\c@savedlista=\count343
\c@listb=\count344
\c@savedlistb=\count345
\c@listc=\count346
\c@savedlistc=\count347
\c@listd=\count348
\c@savedlistd=\count349
\c@liste=\count350
\c@savedliste=\count351
\c@listf=\count352
\c@savedlistf=\count353
\c@location=\count354
\c@savedlocation=\count355
\c@organization=\count356
\c@savedorganization=\count357
\c@origlocation=\count358
\c@savedoriglocation=\count359
\c@origpublisher=\count360
\c@savedorigpublisher=\count361
\c@publisher=\count362
\c@savedpublisher=\count363
\c@language=\count364
\c@savedlanguage=\count365
\c@origlanguage=\count366
\c@savedoriglanguage=\count367
\c@pageref=\count368
\c@savedpageref=\count369
\shorthandwidth=\skip57
\shortjournalwidth=\skip58
\shortserieswidth=\skip59
\shorttitlewidth=\skip60
\shortauthorwidth=\skip61
\shorteditorwidth=\skip62
\locallabelnumberwidth=\skip63
\locallabelalphawidth=\skip64
\localshorthandwidth=\skip65
\localshortjournalwidth=\skip66
\localshortserieswidth=\skip67
\localshorttitlewidth=\skip68
\localshortauthorwidth=\skip69
\localshorteditorwidth=\skip70
Package biblatex Info: Trying to load compatibility code...
Package biblatex Info: ... file 'blx-compat.def' found.
 (/usr/share/texmf-dist/tex/latex/biblatex/blx-compat.def
File: blx-compat.def 2020/08/23 v3.15a biblatex compatibility (PK/MW)
) (/usr/share/texmf-dist/tex/latex/l3kernel/expl3.sty
Package: expl3 2020-12-03 L3 programming layer (loader) 
 (/usr/share/texmf-dist/tex/latex/l3backend/l3backend-pdftex.def
File: l3backend-pdftex.def 2020-09-24 L3 backend support: PDF output (pdfTeX)
\l__kernel_color_stack_int=\count370
\l__pdf_internal_box=\box47
))
Package biblatex Info: expl3
(biblatex)             2020-12-03 L3 programming layer (loader) 
(biblatex)             is new enough (at least 2020/04/06),
(biblatex)             setting 'casechanger=expl3'.
Package biblatex Info: Trying to load expl3 case changing code...
Package biblatex Info: ... file 'blx-case-expl3.def' found.
 (/usr/share/texmf-dist/tex/latex/biblatex/blx-case-expl3.def (/usr/share/texmf-dist/tex/latex/l3packages/xparse/xparse.sty
Package: xparse 2020-10-27 L3 Experimental document command parser
 (/usr/share/texmf-dist/tex/latex/l3packages/xparse/xparse-generic.tex))
File: blx-case-expl3 2020/08/23 v3.15a expl3 case changing code for biblatex
)
Package biblatex Info: Trying to load generic definitions...
Package biblatex Info: ... file 'biblatex.def' found.
 (/usr/share/texmf-dist/tex/latex/biblatex/biblatex.def
File: biblatex.def 2020/08/23 v3.15a biblatex compatibility (PK/MW)
\c@textcitecount=\count371
\c@textcitetotal=\count372
\c@textcitemaxnames=\count373
\c@biburlbigbreakpenalty=\count374
\c@biburlbreakpenalty=\count375
\c@biburlnumpenalty=\count376
\c@biburlucpenalty=\count377
\c@biburllcpenalty=\count378
\biburlbigskip=\muskip17
\biburlnumskip=\muskip18
\biburlucskip=\muskip19
\biburllcskip=\muskip20
\c@smartand=\count379
)
Package biblatex Info: Trying to load bibliography style 'numeric'...
Package biblatex Info: ... file 'numeric.bbx' found.
 (/usr/share/texmf-dist/tex/latex/biblatex/bbx/numeric.bbx
File: numeric.bbx 2020/08/23 v3.15a biblatex bibliography style (PK/MW)
Package biblatex Info: Trying to load bibliography style 'standard'...
Package biblatex Info: ... file 'standard.bbx' found.
 (/usr/share/texmf-dist/tex/latex/biblatex/bbx/standard.bbx
File: standard.bbx 2020/08/23 v3.15a biblatex bibliography style (PK/MW)
\c@bbx:relatedcount=\count380
\c@bbx:relatedtotal=\count381
))
Package biblatex Info: Trying to load citation style 'numeric'...
Package biblatex Info: ... file 'numeric.cbx' found.
 (/usr/share/texmf-dist/tex/latex/biblatex/cbx/numeric.cbx
File: numeric.cbx 2020/08/23 v3.15a biblatex citation style (PK/MW)
Package biblatex Info: Redefining '\cite'.
Package biblatex Info: Redefining '\parencite'.
Package biblatex Info: Redefining '\footcite'.
Package biblatex Info: Redefining '\footcitetext'.
Package biblatex Info: Redefining '\smartcite'.
Package biblatex Info: Redefining '\supercite'.
Package biblatex Info: Redefining '\textcite'.
Package biblatex Info: Redefining '\textcites'.
Package biblatex Info: Redefining '\cites'.
Package biblatex Info: Redefining '\parencites'.
Package biblatex Info: Redefining '\smartcites'.
)
Package biblatex Info: Trying to load configuration file...
Package biblatex Info: ... file 'biblatex.cfg' found.
 (/usr/share/texmf-dist/tex/latex/biblatex/biblatex.cfg
File: biblatex.cfg 
))
(/usr/share/texmf-dist/tex/latex/csquotes/csquotes.sty
Package: csquotes 2019-12-06 v5.2j context-sensitive quotations (JAW)
\csq@reset=\count382
\csq@gtype=\count383
\csq@glevel=\count384
\csq@qlevel=\count385
\csq@maxlvl=\count386
\csq@tshold=\count387
\csq@ltx@everypar=\toks19
 (/usr/share/texmf-dist/tex/latex/csquotes/csquotes.def
File: csquotes.def 2019-12-06 v5.2j csquotes generic definitions (JAW)
)
Package csquotes Info: Trying to load configuration file 'csquotes.cfg'...
Package csquotes Info: ... configuration file loaded successfully.
 (/usr/share/texmf-dist/tex/latex/csquotes/csquotes.cfg
File: csquotes.cfg 
)) (/usr/share/texmf-dist/tex/latex/caption/subcaption.sty
Package: subcaption 2020/10/07 v1.3j Sub-captions (AR)
 (/usr/share/texmf-dist/tex/latex/caption/caption.sty
Package: caption 2020/10/26 v3.5g Customizing captions (AR)
 (/usr/share/texmf-dist/tex/latex/caption/caption3.sty
Package: caption3 2020/10/21 v2.2e caption3 kernel (AR)
\captionmargin=\dimen140
\captionmargin@=\dimen141
\captionwidth=\dimen142
\caption@tempdima=\dimen143
\caption@indent=\dimen144
\caption@parindent=\dimen145
\caption@hangindent=\dimen146
Package caption Info: Standard document class detected.
)
\c@caption@flags=\count388
\c@continuedfloat=\count389
)
\c@subfigure=\count390
\c@subtable=\count391
) (/usr/share/texmf-dist/tex/latex/amsmath/amsmath.sty
Package: amsmath 2020/09/23 v2.17i AMS math features
\@mathmargin=\skip71

For additional information on amsmath, use the `?' option.
(/usr/share/texmf-dist/tex/latex/amsmath/amstext.sty
Package: amstext 2000/06/29 v2.01 AMS text
 (/usr/share/texmf-dist/tex/latex/amsmath/amsgen.sty
File: amsgen.sty 1999/11/30 v2.0 generic functions
\@emptytoks=\toks20
\ex@=\dimen147
)) (/usr/share/texmf-dist/tex/latex/amsmath/amsbsy.sty
Package: amsbsy 1999/11/29 v1.2d Bold Symbols
\pmbraise@=\dimen148
) (/usr/share/texmf-dist/tex/latex/amsmath/amsopn.sty
Package: amsopn 2016/03/08 v2.02 operator names
)
\inf@bad=\count392
LaTeX Info: Redefining \frac on input line 234.
\uproot@=\count393
\leftroot@=\count394
LaTeX Info: Redefining \overline on input line 399.
\classnum@=\count395
\DOTSCASE@=\count396
LaTeX Info: Redefining \ldots on input line 496.
LaTeX Info: Redefining \dots on input line 499.
LaTeX Info: Redefining \cdots on input line 620.
\Mathstrutbox@=\box48
\strutbox@=\box49
\big@size=\dimen149
LaTeX Font Info:    Redeclaring font encoding OML on input line 743.
LaTeX Font Info:    Redeclaring font encoding OMS on input line 744.
\macc@depth=\count397
\c@MaxMatrixCols=\count398
\dotsspace@=\muskip21
\c@parentequation=\count399
\dspbrk@lvl=\count400
\tag@help=\toks21
\row@=\count401
\column@=\count402
\maxfields@=\count403
\andhelp@=\toks22
\eqnshift@=\dimen150
\alignsep@=\dimen151
\tagshift@=\dimen152
\tagwidth@=\dimen153
\totwidth@=\dimen154
\lineht@=\dimen155
\@envbody=\toks23
\multlinegap=\skip72
\multlinetaggap=\skip73
\mathdisplay@stack=\toks24
LaTeX Info: Redefining \[ on input line 2923.
LaTeX Info: Redefining \] on input line 2924.
) (/usr/share/texmf-dist/tex/latex/amsfonts/amsfonts.sty
Package: amsfonts 2013/01/14 v3.01 Basic AMSFonts support
\symAMSa=\mathgroup5
\symAMSb=\mathgroup6
LaTeX Font Info:    Redeclaring math symbol \hbar on input line 98.
LaTeX Font Info:    Overwriting math alphabet `\mathfrak' in version `bold'
(Font)                  U/euf/m/n --> U/euf/b/n on input line 106.
) (/usr/share/texmf-dist/tex/latex/amsfonts/amssymb.sty
Package: amssymb 2013/01/14 v3.01 AMS font symbols
) (/usr/share/texmf-dist/tex/latex/enumitem/enumitem.sty
Package: enumitem 2019/06/20 v3.9 Customized lists
\labelindent=\skip74
\enit@outerparindent=\dimen156
\enit@toks=\toks25
\enit@inbox=\box50
\enit@count@id=\count404
\enitdp@description=\count405
) (/usr/share/texmf-dist/tex/latex/mhchem/mhchem.sty
Package: mhchem 2018/06/22 v4.08 for typesetting chemical formulae
 (/usr/share/texmf-dist/tex/latex/l3packages/l3keys2e/l3keys2e.sty
Package: l3keys2e 2020-10-27 LaTeX2e option processing using LaTeX3 keys
) (/usr/share/texmf-dist/tex/latex/tools/calc.sty
Package: calc 2017/05/25 v4.3 Infix arithmetic (KKT,FJ)
\calc@Acount=\count406
\calc@Bcount=\count407
\calc@Adimen=\dimen157
\calc@Bdimen=\dimen158
\calc@Askip=\skip75
\calc@Bskip=\skip76
LaTeX Info: Redefining \setlength on input line 80.
LaTeX Info: Redefining \addtolength on input line 81.
\calc@Ccount=\count408
\calc@Cskip=\skip77
) (/usr/share/texmf-dist/tex/latex/chemgreek/chemgreek.sty
Package: chemgreek 2020/01/16 v1.1a interface for upright Greek letters for use in chemistry (CN)
\l__chemgreek_tmpa_int=\count409
\g__chemgreek_tmpa_int=\count410
) (/usr/share/texmf-dist/tex/latex/graphics/graphics.sty
Package: graphics 2020/08/30 v1.4c Standard LaTeX Graphics (DPC,SPQR)
 (/usr/share/texmf-dist/tex/latex/graphics/trig.sty
Package: trig 2016/01/03 v1.10 sin cos tan (DPC)
) (/usr/share/texmf-dist/tex/latex/graphics-cfg/graphics.cfg
File: graphics.cfg 2016/06/04 v1.11 sample graphics configuration
)
Package graphics Info: Driver file: pdftex.def on input line 105.
 (/usr/share/texmf-dist/tex/latex/graphics-def/pdftex.def
File: pdftex.def 2020/10/05 v1.2a Graphics/color driver for pdftex
))
\l__mhchem_ce_distanceFromLastComma_int=\count411
\__mhchem_arrow_extPgfLength_skip=\skip78
\mhchem@minispace@tmp=\skip79
\mhchem@minibackspace@tmp=\skip80
\mhchem@bondwidth=\skip81
\mhchem@bondheight=\skip82
\mhchem@smallbondwidth@tmpA=\skip83
\mhchem@smallbondwidth@tmpB=\skip84
\mhchem@smallbondwidth=\skip85
\mhchem@bondtmp@minussidebearingleft=\skip86
\mhchem@bondtmp@minussidebearingright=\skip87
\l__mhchem_option_version_int=\count412
\mhchem@option@minusmathsidebearingleft=\dimen159
\mhchem@option@minusmathsidebearingright=\dimen160
\mhchem@option@minustextsidebearingleft=\dimen161
\mhchem@option@minustextsidebearingright=\dimen162
) (/usr/share/texmf-dist/tex/latex/mathtools/mathtools.sty
Package: mathtools 2020/03/24 v1.24 mathematical typesetting tools
 (/usr/share/texmf-dist/tex/latex/mathtools/mhsetup.sty
Package: mhsetup 2017/03/31 v1.3 programming setup (MH)
)
LaTeX Info: Thecontrolsequence`\('isalreadyrobust on input line 130.
LaTeX Info: Thecontrolsequence`\)'isalreadyrobust on input line 130.
LaTeX Info: Thecontrolsequence`\['isalreadyrobust on input line 130.
LaTeX Info: Thecontrolsequence`\]'isalreadyrobust on input line 130.
\g_MT_multlinerow_int=\count413
\l_MT_multwidth_dim=\dimen163
\origjot=\skip88
\l_MT_shortvdotswithinadjustabove_dim=\dimen164
\l_MT_shortvdotswithinadjustbelow_dim=\dimen165
\l_MT_above_intertext_sep=\dimen166
\l_MT_below_intertext_sep=\dimen167
\l_MT_above_shortintertext_sep=\dimen168
\l_MT_below_shortintertext_sep=\dimen169
\xmathstrut@box=\box51
\xmathstrut@dim=\dimen170
)
(/usr/share/texmf-dist/tex/latex/datetime/datetime.sty
Package: datetime 2015/03/20 v2.60 Date Time Package
 (/usr/share/texmf-dist/tex/latex/fmtcount/fmtcount.sty
Package: fmtcount 2020/01/30 v3.07
 (/usr/share/texmf-dist/tex/latex/xkeyval/xkeyval.sty
Package: xkeyval 2020/11/20 v2.8 package option processing (HA)
 (/usr/share/texmf-dist/tex/generic/xkeyval/xkeyval.tex (/usr/share/texmf-dist/tex/generic/xkeyval/xkvutils.tex
\XKV@toks=\toks26
\XKV@tempa@toks=\toks27
)
\XKV@depth=\count414
File: xkeyval.tex 2014/12/03 v2.7a key=value parser (HA)
)) (/usr/share/texmf-dist/tex/latex/fmtcount/fcprefix.sty
Package: fcprefix 2012/09/28
 (/usr/share/texmf-dist/tex/latex/fmtcount/fcnumparser.sty
Package: fcnumparser 2017/06/15
\fc@digit@counter=\count415
))
\c@padzeroesN=\count416
\fc@tmpcatcode=\count417
 (/usr/share/texmf-dist/tex/latex/fmtcount/fc-english.def
File: fc-english.def 2016/01/12
)
\@DT@modctr=\count418
\@ordinalctr=\count419
\@orgargctr=\count420
\@strctr=\count421
\@tmpstrctr=\count422
\@DT@loopN=\count423
\@DT@X=\count424
) (/usr/share/texmf-dist/tex/latex/datetime/datetime-defaults.sty
Package: datetime-defaults 2013/09/10
)
\@day=\count425
\@month=\count426
\@year=\count427
\c@HOUR=\count428
\c@HOURXII=\count429
\c@MINUTE=\count430
\c@TOHOUR=\count431
\c@TOMINUTE=\count432
\c@SECOND=\count433
\currenthour=\count434
\currentminute=\count435
\currentsecond=\count436
Package datetime Info: No datetime.cfg file found, using default settings on input line 308.
\@dtctr=\count437
\dayofyear=\count438
\dayofweek=\count439
LaTeX Info: Redefining \today on input line 736.
 (/usr/share/texmf-dist/tex/latex/datetime/dt-spanish.def
File: dt-spanish.def 2013/09/10
LaTeX Info: Redefining \datespanish on input line 85.
)
\dt@a=\toks28
\dt@b=\toks29
) (/usr/share/texmf-dist/tex/latex/siunitx/siunitx.sty
Package: siunitx 2020/02/25 v2.8b A comprehensive (SI) units package
 (/usr/share/texmf-dist/tex/latex/tools/array.sty
Package: array 2020/10/01 v2.5c Tabular extension package (FMi)
\col@sep=\dimen171
\ar@mcellbox=\box52
\extrarowheight=\dimen172
\NC@list=\toks30
\extratabsurround=\skip89
\backup@length=\skip90
\ar@cellbox=\box53
)
\l__siunitx_tmp_box=\box54
\l__siunitx_tmp_dim=\dimen173
\l__siunitx_tmp_int=\count440
\l__siunitx_number_mantissa_length_int=\count441
\l__siunitx_number_uncert_length_int=\count442
\l__siunitx_round_int=\count443
\l__siunitx_process_decimal_int=\count444
\l__siunitx_process_uncertainty_int=\count445
\l__siunitx_process_fixed_int=\count446
\l__siunitx_process_integer_min_int=\count447
\l__siunitx_process_precision_int=\count448
\l__siunitx_group_min_int=\count449
\l__siunitx_angle_marker_box=\box55
\l__siunitx_angle_unit_box=\box56
\l__siunitx_angle_marker_dim=\dimen174
\l__siunitx_angle_unit_dim=\dimen175
\l__siunitx_unit_int=\count450
\l__siunitx_unit_denominator_int=\count451
\l__siunitx_unit_numerator_int=\count452
\l__siunitx_unit_prefix_int=\count453
\l__siunitx_unit_prefix_base_int=\count454
\l__siunitx_unit_prefix_gram_int=\count455
\l__siunitx_number_product_int=\count456
\c__siunitx_one_fill_skip=\skip91
\l__siunitx_table_unit_align_skip=\skip92
\l__siunitx_table_exponent_dim=\dimen176
\l__siunitx_table_integer_dim=\dimen177
\l__siunitx_table_mantissa_dim=\dimen178
\l__siunitx_table_marker_dim=\dimen179
\l__siunitx_table_result_dim=\dimen180
\l__siunitx_table_uncert_dim=\dimen181
\l__siunitx_table_fill_pre_dim=\dimen182
\l__siunitx_table_fill_post_dim=\dimen183
\l__siunitx_table_fill_mid_dim=\dimen184
\l__siunitx_table_pre_box=\box57
\l__siunitx_table_post_box=\box58
\l__siunitx_table_mantissa_box=\box59
\l__siunitx_table_result_box=\box60
\l__siunitx_table_number_align_skip=\skip93
\l__siunitx_table_text_align_skip=\skip94
 (/usr/share/texmf-dist/tex/latex/translator/translator.sty
Package: translator 2020-08-03 v1.12c Easy translation of strings in LaTeX
)) (/usr/share/texmf-dist/tex/latex/booktabs/booktabs.sty
Package: booktabs 2020/01/12 v1.61803398 Publication quality tables
\heavyrulewidth=\dimen185
\lightrulewidth=\dimen186
\cmidrulewidth=\dimen187
\belowrulesep=\dimen188
\belowbottomsep=\dimen189
\aboverulesep=\dimen190
\abovetopsep=\dimen191
\cmidrulesep=\dimen192
\cmidrulekern=\dimen193
\defaultaddspace=\dimen194
\@cmidla=\count457
\@cmidlb=\count458
\@aboverulesep=\dimen195
\@belowrulesep=\dimen196
\@thisruleclass=\count459
\@lastruleclass=\count460
\@thisrulewidth=\dimen197
) (/usr/share/texmf-dist/tex/latex/l3packages/xfrac/xfrac.sty (/usr/share/texmf-dist/tex/latex/graphics/graphicx.sty
Package: graphicx 2020/09/09 v1.2b Enhanced LaTeX Graphics (DPC,SPQR)
\Gin@req@height=\dimen198
\Gin@req@width=\dimen199
) (/usr/share/texmf-dist/tex/latex/base/textcomp.sty
Package: textcomp 2020/02/02 v2.0n Standard LaTeX package
)
(/usr/share/texmf-dist/tex/latex/l3packages/xtemplate/xtemplate.sty
Package: xtemplate 2020-10-27 L3 Experimental prototype document functions
\l__xtemplate_tmp_dim=\dimen256
\l__xtemplate_tmp_int=\count461
\l__xtemplate_tmp_muskip=\muskip22
\l__xtemplate_tmp_skip=\skip95
)
Package: xfrac 2020-10-27 L3 Experimental split-level fractions
\l__xfrac_slash_box=\box61
\l__xfrac_tmp_box=\box62
\l__xfrac_denominator_bot_sep_dim=\dimen257
\l__xfrac_numerator_bot_sep_dim=\dimen258
\l__xfrac_numerator_top_sep_dim=\dimen259
\l__xfrac_slash_left_sep_dim=\dimen260
\l__xfrac_slash_right_sep_dim=\dimen261
\l__xfrac_slash_left_muskip=\muskip23
\l__xfrac_slash_right_muskip=\muskip24

Package xtemplate Info: Declaring object type 'xfrac' taking 3 argument(s) on
(xtemplate)             line 80.

) (/usr/share/texmf-dist/tex/latex/algorithm2e/algorithm2e.sty
Package: algorithm2e 2017/07/18 v5.2 algorithms environments
\c@AlgoLine=\count462
\algocf@hangindent=\skip96
 (/usr/share/texmf-dist/tex/latex/ifoddpage/ifoddpage.sty
Package: ifoddpage 2016/04/23 v1.1 Conditionals for odd/even page detection
\c@checkoddpage=\count463
) (/usr/share/texmf-dist/tex/latex/tools/xspace.sty
Package: xspace 2014/10/28 v1.13 Space after command names (DPC,MH)
) (/usr/share/texmf-dist/tex/latex/relsize/relsize.sty
Package: relsize 2013/03/29 ver 4.1
)
\skiptotal=\skip97
\skiplinenumber=\skip98
\skiprule=\skip99
\skiphlne=\skip100
\skiptext=\skip101
\skiplength=\skip102
\algomargin=\skip103
\skipalgocfslide=\skip104
\algowidth=\dimen262
\inoutsize=\dimen263
\inoutindent=\dimen264
\interspacetitleruled=\dimen265
\interspacealgoruled=\dimen266
\interspacetitleboxruled=\dimen267
\algocf@ruledwidth=\skip105
\algocf@inoutbox=\box63
\algocf@inputbox=\box64
\AlCapSkip=\skip106
\AlCapHSkip=\skip107
\algoskipindent=\skip108
\algocf@nlbox=\box65
\algocf@hangingbox=\box66
\algocf@untilbox=\box67
\algocf@skipuntil=\skip109
\algocf@capbox=\box68
\algocf@lcaptionbox=\skip110
\algoheightruledefault=\skip111
\algoheightrule=\skip112
\algotitleheightruledefault=\skip113
\algotitleheightrule=\skip114
\c@algocfline=\count464
\c@algocfproc=\count465
\c@algocf=\count466
\algocf@algoframe=\box69
\algocf@algobox=\box70
) (/usr/share/texmf-dist/tex/latex/xcolor/xcolor.sty
Package: xcolor 2016/05/11 v2.12 LaTeX color extensions (UK)
 (/usr/share/texmf-dist/tex/latex/graphics-cfg/color.cfg
File: color.cfg 2016/01/02 v1.6 sample color configuration
)
Package xcolor Info: Driver file: pdftex.def on input line 225.
Package xcolor Info: Model `cmy' substituted by `cmy0' on input line 1348.
Package xcolor Info: Model `hsb' substituted by `rgb' on input line 1352.
Package xcolor Info: Model `RGB' extended on input line 1364.
Package xcolor Info: Model `HTML' substituted by `rgb' on input line 1366.
Package xcolor Info: Model `Hsb' substituted by `hsb' on input line 1367.
Package xcolor Info: Model `tHsb' substituted by `hsb' on input line 1368.
Package xcolor Info: Model `HSB' substituted by `hsb' on input line 1369.
Package xcolor Info: Model `Gray' substituted by `gray' on input line 1370.
Package xcolor Info: Model `wave' substituted by `hsb' on input line 1371.
) (/usr/share/texmf-dist/tex/latex/appendix/appendix.sty
Package: appendix 2020/02/08 v1.2c extra appendix facilities
\c@@pps=\count467
\c@@ppsavesec=\count468
\c@@ppsaveapp=\count469
) (/usr/share/texmf-dist/tex/latex/fancyhdr/fancyhdr.sty
Package: fancyhdr 2019/01/31 v3.10 Extensive control of page headers and footers
\f@nch@headwidth=\skip115
\f@nch@O@elh=\skip116
\f@nch@O@erh=\skip117
\f@nch@O@olh=\skip118
\f@nch@O@orh=\skip119
\f@nch@O@elf=\skip120
\f@nch@O@erf=\skip121
\f@nch@O@olf=\skip122
\f@nch@O@orf=\skip123
) (/usr/share/texmf-dist/tex/latex/listings/listings.sty
\lst@mode=\count470
\lst@gtempboxa=\box71
\lst@token=\toks31
\lst@length=\count471
\lst@currlwidth=\dimen268
\lst@column=\count472
\lst@pos=\count473
\lst@lostspace=\dimen269
\lst@width=\dimen270
\lst@newlines=\count474
\lst@lineno=\count475
\lst@maxwidth=\dimen271
 (/usr/share/texmf-dist/tex/latex/listings/lstmisc.sty
File: lstmisc.sty 2020/03/24 1.8d (Carsten Heinz)
\c@lstnumber=\count476
\lst@skipnumbers=\count477
\lst@framebox=\box72
) (/usr/share/texmf-dist/tex/latex/listings/listings.cfg
File: listings.cfg 2020/03/24 1.8d listings configuration
))
Package: listings 2020/03/24 1.8d (Carsten Heinz)
 (/usr/share/texmf-dist/tex/latex/titlesec/titlesec.sty
Package: titlesec 2019/10/16 v2.13 Sectioning titles
\ttl@box=\box73
\beforetitleunit=\skip124
\aftertitleunit=\skip125
\ttl@plus=\dimen272
\ttl@minus=\dimen273
\ttl@toksa=\toks32
\titlewidth=\dimen274
\titlewidthlast=\dimen275
\titlewidthfirst=\dimen276
) (/usr/share/texmf-dist/tex/latex/base/fix-cm.sty
Package: fix-cm 2015/01/14 v1.1t fixes to LaTeX
 (/usr/share/texmf-dist/tex/latex/base/ts1enc.def
File: ts1enc.def 2001/06/05 v3.0e (jk/car/fm) Standard LaTeX file
LaTeX Font Info:    Redeclaring font encoding TS1 on input line 47.
)) (/usr/share/texmf-dist/tex/latex/geometry/geometry.sty
Package: geometry 2020/01/02 v5.9 Page Geometry
 (/usr/share/texmf-dist/tex/generic/iftex/ifvtex.sty
Package: ifvtex 2019/10/25 v1.7 ifvtex legacy package. Use iftex instead.
)
\Gm@cnth=\count478
\Gm@cntv=\count479
\c@Gm@tempcnt=\count480
\Gm@bindingoffset=\dimen277
\Gm@wd@mp=\dimen278
\Gm@odd@mp=\dimen279
\Gm@even@mp=\dimen280
\Gm@layoutwidth=\dimen281
\Gm@layoutheight=\dimen282
\Gm@layouthoffset=\dimen283
\Gm@layoutvoffset=\dimen284
\Gm@dimlist=\toks33
)
(/usr/share/texmf-dist/tex/latex/hyperref/hyperref.sty
Package: hyperref 2020-05-15 v7.00e Hypertext links for LaTeX
 (/usr/share/texmf-dist/tex/generic/kvdefinekeys/kvdefinekeys.sty
Package: kvdefinekeys 2019-12-19 v1.6 Define keys (HO)
) (/usr/share/texmf-dist/tex/generic/pdfescape/pdfescape.sty
Package: pdfescape 2019/12/09 v1.15 Implements pdfTeX's escape features (HO)
) (/usr/share/texmf-dist/tex/latex/hycolor/hycolor.sty
Package: hycolor 2020-01-27 v1.10 Color options for hyperref/bookmark (HO)
) (/usr/share/texmf-dist/tex/latex/letltxmacro/letltxmacro.sty
Package: letltxmacro 2019/12/03 v1.6 Let assignment for LaTeX macros (HO)
) (/usr/share/texmf-dist/tex/latex/auxhook/auxhook.sty
Package: auxhook 2019-12-17 v1.6 Hooks for auxiliary files (HO)
)
\@linkdim=\dimen285
\Hy@linkcounter=\count481
\Hy@pagecounter=\count482
 (/usr/share/texmf-dist/tex/latex/hyperref/pd1enc.def
File: pd1enc.def 2020-05-15 v7.00e Hyperref: PDFDocEncoding definition (HO)
Now handling font encoding PD1 ...
... no UTF-8 mapping file for font encoding PD1
) (/usr/share/texmf-dist/tex/generic/intcalc/intcalc.sty
Package: intcalc 2019/12/15 v1.3 Expandable calculations with integers (HO)
) (/usr/share/texmf-dist/tex/generic/etexcmds/etexcmds.sty
Package: etexcmds 2019/12/15 v1.7 Avoid name clashes with e-TeX commands (HO)
)
\Hy@SavedSpaceFactor=\count483
Package hyperref Info: Option `plainpages' set `false' on input line 4338.
Package hyperref Info: Option `bookmarksopen' set `true' on input line 4338.
Package hyperref Info: Option `bookmarksnumbered' set `true' on input line 4338.
Package hyperref Info: Option `breaklinks' set `true' on input line 4338.
Package hyperref Info: Option `linktocpage' set `false' on input line 4338.
Package hyperref Info: Option `colorlinks' set `true' on input line 4338.
Package hyperref Info: Hyper figures OFF on input line 4464.
Package hyperref Info: Link nesting OFF on input line 4469.
Package hyperref Info: Hyper index ON on input line 4472.
Package hyperref Info: Plain pages OFF on input line 4479.
Package hyperref Info: Backreferencing OFF on input line 4484.
Package hyperref Info: Implicit mode ON; LaTeX internals redefined.
Package hyperref Info: Bookmarks ON on input line 4717.
\c@Hy@tempcnt=\count484
LaTeX Info: Redefining \url on input line 5076.
\XeTeXLinkMargin=\dimen286
 (/usr/share/texmf-dist/tex/generic/bitset/bitset.sty
Package: bitset 2019/12/09 v1.3 Handle bit-vector datatype (HO)
 (/usr/share/texmf-dist/tex/generic/bigintcalc/bigintcalc.sty
Package: bigintcalc 2019/12/15 v1.5 Expandable calculations on big integers (HO)
))
\Fld@menulength=\count485
\Field@Width=\dimen287
\Fld@charsize=\dimen288
Package hyperref Info: Hyper figures OFF on input line 6347.
Package hyperref Info: Link nesting OFF on input line 6352.
Package hyperref Info: Hyper index ON on input line 6355.
Package hyperref Info: backreferencing OFF on input line 6362.
Package hyperref Info: Link coloring ON on input line 6365.
Package hyperref Info: Link coloring with OCG OFF on input line 6372.
Package hyperref Info: PDF/A mode OFF on input line 6377.
LaTeX Info: Redefining \ref on input line 6417.
LaTeX Info: Redefining \pageref on input line 6421.
 (/usr/share/texmf-dist/tex/latex/base/atbegshi-ltx.sty
Package: atbegshi-ltx 2020/08/17 v1.0a Emulation of the original atbegshi package
with kernel methods
)
\Hy@abspage=\count486
\c@Item=\count487
\c@Hfootnote=\count488
)
Package hyperref Info: Driver (autodetected): hpdftex.
 (/usr/share/texmf-dist/tex/latex/hyperref/hpdftex.def
File: hpdftex.def 2020-05-15 v7.00e Hyperref driver for pdfTeX
 (/usr/share/texmf-dist/tex/latex/base/atveryend-ltx.sty
Package: atveryend-ltx 2020/08/19 v1.0a Emulation of the original atvery package
with kernel methods
)
\Fld@listcount=\count489
\c@bookmark@seq@number=\count490
 (/usr/share/texmf-dist/tex/latex/rerunfilecheck/rerunfilecheck.sty
Package: rerunfilecheck 2019/12/05 v1.9 Rerun checks for auxiliary files (HO)
 (/usr/share/texmf-dist/tex/generic/uniquecounter/uniquecounter.sty
Package: uniquecounter 2019/12/15 v1.4 Provide unlimited unique counter (HO)
)
Package uniquecounter Info: New unique counter `rerunfilecheck' on input line 286.
)
\Hy@SectionHShift=\skip126
))
Package csquotes Info: Checking for multilingual support...
Package csquotes Info: ... found 'babel' package.
Package csquotes Info: Adjusting default style.
Package csquotes Info: Redefining alias 'default' -> 'spanish'.
LaTeX Font Info:    Trying to load font information for T1+ppl on input line 3.
 (/usr/share/texmf-dist/tex/latex/psnfss/t1ppl.fd
File: t1ppl.fd 2001/06/04 font definitions for T1/ppl.
)
(./tesis.aux (./portada.aux)
LaTeX Info: Redefining \. on input line 31.
LaTeX Info: Redefining \% on input line 31.
 (./resumen.aux) (./cap1.aux) (./cap2.aux) (./cap3.aux) (./cap4.aux) (./conclusion.aux))
LaTeX Font Info:    Checking defaults for OML/cmm/m/it on input line 3.
LaTeX Font Info:    ... okay on input line 3.
LaTeX Font Info:    Checking defaults for OMS/cmsy/m/n on input line 3.
LaTeX Font Info:    ... okay on input line 3.
LaTeX Font Info:    Checking defaults for OT1/cmr/m/n on input line 3.
LaTeX Font Info:    ... okay on input line 3.
LaTeX Font Info:    Checking defaults for T1/cmr/m/n on input line 3.
LaTeX Font Info:    ... okay on input line 3.
LaTeX Font Info:    Checking defaults for TS1/cmr/m/n on input line 3.
LaTeX Font Info:    ... okay on input line 3.
LaTeX Font Info:    Checking defaults for OMX/cmex/m/n on input line 3.
LaTeX Font Info:    ... okay on input line 3.
LaTeX Font Info:    Checking defaults for U/cmr/m/n on input line 3.
LaTeX Font Info:    ... okay on input line 3.
LaTeX Font Info:    Checking defaults for PD1/pdf/m/n on input line 3.
LaTeX Font Info:    ... okay on input line 3.
LaTeX Info: Redefining \. on input line 3.
LaTeX Info: Redefining \% on input line 3.
Package biblatex Info: Trying to load language 'spanish'...
Package biblatex Info: ... file 'spanish.lbx' found.
 (/usr/share/texmf-dist/tex/latex/biblatex/lbx/spanish.lbx
File: spanish.lbx 2020/08/23 v3.15a biblatex localization (PK/MW)
)
Package biblatex Info: Trying to load language 'english'...
Package biblatex Info: ... file 'english.lbx' found.
 (/usr/share/texmf-dist/tex/latex/biblatex/lbx/english.lbx
File: english.lbx 2020/08/23 v3.15a biblatex localization (PK/MW)
)
Package biblatex Info: Input encoding 'utf8' detected.
Package biblatex Info: Automatic encoding selection.
(biblatex)             Assuming data encoding 'utf8'.
Package biblatex Info: Trying to load bibliographic data...
Package biblatex Info: ... file 'tesis.bbl' found.
 (./tesis.bbl)
Package biblatex Info: Reference section=0 on input line 3.
Package biblatex Info: Reference segment=0 on input line 3.
Package caption Info: Begin \AtBeginDocument code.
Package caption Info: hyperref package is loaded.
Package caption Info: listings package is loaded.
Package caption Info: End \AtBeginDocument code.

Package chemgreek Info: Activating mapping `default' on line 3.

 (/usr/share/texmf-dist/tex/context/base/mkii/supp-pdf.mkii
[Loading MPS to PDF converter (version 2006.09.02).]
\scratchcounter=\count491
\scratchdimen=\dimen289
\scratchbox=\box74
\nofMPsegments=\count492
\nofMParguments=\count493
\everyMPshowfont=\toks34
\MPscratchCnt=\count494
\MPscratchDim=\dimen290
\MPnumerator=\count495
\makeMPintoPDFobject=\count496
\everyMPtoPDFconversion=\toks35
) (/usr/share/texmf-dist/tex/latex/epstopdf-pkg/epstopdf-base.sty
Package: epstopdf-base 2020-01-24 v2.11 Base part for package epstopdf
Package epstopdf-base Info: Redefining graphics rule for `.eps' on input line 485.
 (/usr/share/texmf-dist/tex/latex/latexconfig/epstopdf-sys.cfg
File: epstopdf-sys.cfg 2010/07/13 v1.3 Configuration of (r)epstopdf for TeX Live
)) (/usr/share/texmf-dist/tex/latex/siunitx/siunitx-abbreviations.cfg
File: siunitx-abbreviations.cfg 2017/11/26 v2.7k siunitx: Abbreviated units
) (/usr/share/texmf-dist/tex/latex/siunitx/siunitx-binary.cfg
File: siunitx-binary.cfg 2017/11/26 v2.7k siunitx: Binary units
) (/usr/share/texmf-dist/tex/latex/translator/translator-basic-dictionary-English.dict
Dictionary: translator-basic-dictionary, Language: English 
)
\c@lstlisting=\count497

*geometry* driver: auto-detecting
*geometry* detected driver: pdftex
*geometry* verbose mode - [ preamble ] result:
* driver: pdftex
* paper: letterpaper
* layout: <same size as paper>
* layoutoffset:(h,v)=(0.0pt,0.0pt)
* modes: twoside asymmetric heightrounded 
* h-part:(L,W,R)=(73.71613pt, 430.00462pt, 110.57425pt)
* v-part:(T,H,B)=(95.39737pt, 556.47656pt, 143.09605pt)
* \paperwidth=614.295pt
* \paperheight=794.96999pt
* \textwidth=430.00462pt
* \textheight=562.0pt
* \oddsidemargin=1.44614pt
* \evensidemargin=1.44614pt
* \topmargin=-9.94011pt
* \headheight=15.0pt
* \headsep=18.06749pt
* \topskip=10.0pt
* \footskip=25.29494pt
* \marginparwidth=125.0pt
* \marginparsep=7.0pt
* \columnsep=10.0pt
* \skip\footins=9.0pt plus 4.0pt minus 2.0pt
* \hoffset=0.0pt
* \voffset=0.0pt
* \mag=1000
* \@twocolumnfalse
* \@twosidetrue
* \@mparswitchfalse
* \@reversemarginfalse
* (1in=72.27pt=25.4mm, 1cm=28.453pt)

Package hyperref Info: Link coloring ON on input line 3.
(/usr/share/texmf-dist/tex/latex/hyperref/nameref.sty
Package: nameref 2019/09/16 v2.46 Cross-referencing by name of section
 (/usr/share/texmf-dist/tex/latex/refcount/refcount.sty
Package: refcount 2019/12/15 v3.6 Data extraction from label references (HO)
) (/usr/share/texmf-dist/tex/generic/gettitlestring/gettitlestring.sty
Package: gettitlestring 2019/12/15 v1.6 Cleanup title references (HO)
)
\c@section@level=\count498
)
LaTeX Info: Redefining \ref on input line 3.
LaTeX Info: Redefining \pageref on input line 3.
LaTeX Info: Redefining \nameref on input line 3.
 (./tesis.out) (./tesis.out)
\@outlinefile=\write4
LaTeX Font Info:    Trying to load font information for U+zeur on input line 3.
 (/usr/share/texmf-dist/tex/latex/eulervm/uzeur.fd
File: uzeur.fd 2005/01/11 v4.0 (WaS)
)
LaTeX Font Info:    Trying to load font information for U+zeus on input line 3.
 (/usr/share/texmf-dist/tex/latex/eulervm/uzeus.fd
File: uzeus.fd 2005/01/11 v4.0 (WaS)
)
LaTeX Font Info:    Trying to load font information for U+zeuex on input line 3.
 (/usr/share/texmf-dist/tex/latex/eulervm/uzeuex.fd
File: uzeuex.fd 2005/01/11 v4.0 (WaS)
)
LaTeX Font Info:    Trying to load font information for OT1+zplm on input line 3.
 (/usr/share/texmf-dist/tex/latex/psnfss/ot1zplm.fd
File: ot1zplm.fd 2002/09/08 Fontinst v1.914 font definitions for OT1/zplm.
) (/usr/share/texmf-dist/tex/latex/listings/lstlang1.sty
File: lstlang1.sty 2020/03/24 1.8d listings language file
) (./portada.tex
<unam.pdf, id=88, 822.2695pt x 923.85863pt>
File: unam.pdf Graphic file (type pdf)
<use unam.pdf>
Package pdftex.def Info: unam.pdf  used on input line 6.
(pdftex.def)             Requested size: 113.95009pt x 128.0374pt.
 [1




{/var/lib/texmf/fonts/map/pdftex/updmap/pdftex.map} <./unam.pdf>] [2]) (./tesis.toc
LaTeX Info: Redefining \sptext on input line 2.
LaTeX Info: Redefining \. on input line 2.
LaTeX Info: Redefining \% on input line 2.
 [3



])
\tf@toc=\write5
LaTeX Info: Redefining \. on input line 13.
LaTeX Info: Redefining \% on input line 13.
 [4] (./resumen.tex) [5


] [6



] (./cap1.tex
Cap\'{\i }tulo 1.

Underfull \vbox (badness 10000) has occurred while \output is active []

 [1


]
LaTeX Info: Redefining \. on input line 24.
LaTeX Info: Redefining \% on input line 24.
 [2]
<sdo120718-2215-17.jpg, id=177, 513.92pt x 513.92pt>
File: sdo120718-2215-17.jpg Graphic file (type jpg)
<use sdo120718-2215-17.jpg>
Package pdftex.def Info: sdo120718-2215-17.jpg  used on input line 28.
(pdftex.def)             Requested size: 206.28247pt x 206.2858pt.
<sdo120718-2229-c.jpg, id=178, 513.92pt x 513.92pt>
File: sdo120718-2229-c.jpg Graphic file (type jpg)
<use sdo120718-2229-c.jpg>
Package pdftex.def Info: sdo120718-2229-c.jpg  used on input line 32.
(pdftex.def)             Requested size: 206.28247pt x 206.2858pt.
<sdo120719-0630-17.jpg, id=179, 513.92pt x 513.92pt>
File: sdo120719-0630-17.jpg Graphic file (type jpg)
<use sdo120719-0630-17.jpg>
Package pdftex.def Info: sdo120719-0630-17.jpg  used on input line 36.
(pdftex.def)             Requested size: 206.28247pt x 206.2858pt.
<sdo120719-0555-c.jpg, id=180, 513.92pt x 513.92pt>
File: sdo120719-0555-c.jpg Graphic file (type jpg)
<use sdo120719-0555-c.jpg>
Package pdftex.def Info: sdo120719-0555-c.jpg  used on input line 40.
(pdftex.def)             Requested size: 206.28247pt x 206.2858pt.
LaTeX Font Info:    Trying to load font information for TS1+ppl on input line 75.
 (/usr/share/texmf-dist/tex/latex/psnfss/ts1ppl.fd
File: ts1ppl.fd 2001/06/04 font definitions for TS1/ppl.
)
LaTeX Info: Redefining \. on input line 85.
LaTeX Info: Redefining \% on input line 85.
 [3]
LaTeX Info: Redefining \. on input line 85.
LaTeX Info: Redefining \% on input line 85.
 [4 <./sdo120718-2215-17.jpg> <./sdo120718-2229-c.jpg> <./sdo120719-0630-17.jpg> <./sdo120719-0555-c.jpg>]
LaTeX Info: Redefining \. on input line 97.
LaTeX Info: Redefining \% on input line 97.
 [5]

Package hyperref Warning: Token not allowed in a PDF string (PDFDocEncoding):
(hyperref)                removing `math shift' on input line 103.


Package hyperref Warning: Token not allowed in a PDF string (PDFDocEncoding):
(hyperref)                removing `\gamma' on input line 103.


Package hyperref Warning: Token not allowed in a PDF string (PDFDocEncoding):
(hyperref)                removing `math shift' on input line 103.

LaTeX Info: Redefining \. on input line 118.
LaTeX Info: Redefining \% on input line 118.
[6]
Package epstopdf Info: Source file: <gamma-espectro.eps>
(epstopdf)                    date: 2021-05-04 14:59:46
(epstopdf)                    size: 159812 bytes
(epstopdf)             Output file: <gamma-espectro-eps-converted-to.pdf>
(epstopdf)                    date: 2021-05-04 15:55:39
(epstopdf)                    size: 43908 bytes
(epstopdf)             Command: <repstopdf --outfile=gamma-espectro-eps-converted-to.pdf gamma-espectro.eps>
(epstopdf)             \includegraphics on input line 121.
Package epstopdf Info: Output file is already uptodate.
<gamma-espectro-eps-converted-to.pdf, id=222, 533.995pt x 688.5725pt>
File: gamma-espectro-eps-converted-to.pdf Graphic file (type pdf)
<use gamma-espectro-eps-converted-to.pdf>
Package pdftex.def Info: gamma-espectro-eps-converted-to.pdf  used on input line 121.
(pdftex.def)             Requested size: 322.50346pt x 415.87843pt.
LaTeX Info: Redefining \. on input line 129.
LaTeX Info: Redefining \% on input line 129.
 [7 <./gamma-espectro-eps-converted-to.pdf>]
<flare-footprints.jpg, id=256, 667.49374pt x 619.31375pt>
File: flare-footprints.jpg Graphic file (type jpg)
<use flare-footprints.jpg>
Package pdftex.def Info: flare-footprints.jpg  used on input line 132.
(pdftex.def)             Requested size: 322.50346pt x 299.23282pt.

Underfull \vbox (badness 5147) has occurred while \output is active []

LaTeX Info: Redefining \. on input line 139.
LaTeX Info: Redefining \% on input line 139.
 [8 <./flare-footprints.jpg>]
LaTeX Info: Redefining \. on input line 155.
LaTeX Info: Redefining \% on input line 155.
 [9]
<neutron-prob.pdf, id=279, 578.16pt x 289.08pt>
File: neutron-prob.pdf Graphic file (type pdf)
<use neutron-prob.pdf>
Package pdftex.def Info: neutron-prob.pdf  used on input line 158.
(pdftex.def)             Requested size: 430.00462pt x 215.00095pt.

Underfull \vbox (badness 1466) has occurred while \output is active []

LaTeX Info: Redefining \. on input line 168.
LaTeX Info: Redefining \% on input line 168.
 [10 <./neutron-prob.pdf>]
<neutron-at.pdf, id=310, 578.16pt x 289.08pt>
File: neutron-at.pdf Graphic file (type pdf)
<use neutron-at.pdf>
Package pdftex.def Info: neutron-at.pdf  used on input line 171.
(pdftex.def)             Requested size: 430.00462pt x 215.00095pt.
<neutron-time.pdf, id=312, 578.16pt x 289.08pt>
File: neutron-time.pdf Graphic file (type pdf)
<use neutron-time.pdf>
Package pdftex.def Info: neutron-time.pdf  used on input line 180.
(pdftex.def)             Requested size: 430.00462pt x 215.00095pt.

Underfull \vbox (badness 10000) has occurred while \output is active []

LaTeX Info: Redefining \. on input line 188.
LaTeX Info: Redefining \% on input line 188.
 [11 <./neutron-at.pdf>]
<solar-neutrons.png, id=335, 455.7025pt x 527.9725pt>
File: solar-neutrons.png Graphic file (type png)
<use solar-neutrons.png>
Package pdftex.def Info: solar-neutrons.png  used on input line 195.
(pdftex.def)             Requested size: 258.00539pt x 298.92534pt.
LaTeX Info: Redefining \. on input line 201.
LaTeX Info: Redefining \% on input line 201.
 [12 <./neutron-time.pdf>]
LaTeX Info: Redefining \. on input line 201.
LaTeX Info: Redefining \% on input line 201.
 [13 <./solar-neutrons.png>]
<neutrons-ground.png, id=367, 620.3175pt x 584.1825pt>
File: neutrons-ground.png Graphic file (type png)
<use neutrons-ground.png>
Package pdftex.def Info: neutrons-ground.png  used on input line 208.
(pdftex.def)             Requested size: 215.0023pt x 202.47021pt.
LaTeX Info: Redefining \. on input line 214.
LaTeX Info: Redefining \% on input line 214.
 [14 <./neutrons-ground.png>]
<tns-mexico.pdf, id=381, 310.40092pt x 249.72363pt>
File: tns-mexico.pdf Graphic file (type pdf)
<use tns-mexico.pdf>
Package pdftex.def Info: tns-mexico.pdf  used on input line 219.
(pdftex.def)             Requested size: 301.00192pt x 242.17827pt.
LaTeX Info: Redefining \. on input line 225.
LaTeX Info: Redefining \% on input line 225.
 [15 <./tns-mexico.pdf>])
LaTeX Info: Redefining \. on input line 15.
LaTeX Info: Redefining \% on input line 15.
 [16] (./cap2.tex
Cap\'{\i }tulo 2.
[17




]
<scibar-diagram.pdf, id=439, 1468.6965pt x 1045.4169pt>
File: scibar-diagram.pdf Graphic file (type pdf)
<use scibar-diagram.pdf>
Package pdftex.def Info: scibar-diagram.pdf  used on input line 17.
(pdftex.def)             Requested size: 301.00192pt x 214.24805pt.
LaTeX Info: Redefining \. on input line 29.
LaTeX Info: Redefining \% on input line 29.
 [18 <./scibar-diagram.pdf>]
<scibar.pdf, id=710, 476.70396pt x 183.49353pt>
File: scibar.pdf Graphic file (type pdf)
<use scibar.pdf>
Package pdftex.def Info: scibar.pdf  used on input line 36.
(pdftex.def)             Requested size: 430.00462pt x 165.52061pt.

Underfull \vbox (badness 1205) has occurred while \output is active []

LaTeX Info: Redefining \. on input line 42.
LaTeX Info: Redefining \% on input line 42.
 [19 <./scibar.pdf>]
<sim-optics-spect.pdf, id=777, 578.16pt x 289.08pt>
File: sim-optics-spect.pdf Graphic file (type pdf)
<use sim-optics-spect.pdf>
Package pdftex.def Info: sim-optics-spect.pdf  used on input line 55.
(pdftex.def)             Requested size: 430.00462pt x 215.00095pt.
LaTeX Info: Redefining \. on input line 61.
LaTeX Info: Redefining \% on input line 61.
 [20]
LaTeX Info: Redefining \. on input line 113.
LaTeX Info: Redefining \% on input line 113.
 [21 <./sim-optics-spect.pdf>]
LaTeX Info: Redefining \. on input line 113.
LaTeX Info: Redefining \% on input line 113.
 [22]
<data_atlength.pdf, id=821, 578.16pt x 289.08pt>
File: data_atlength.pdf Graphic file (type pdf)
<use data_atlength.pdf>
Package pdftex.def Info: data_atlength.pdf  used on input line 127.
(pdftex.def)             Requested size: 430.00462pt x 215.00095pt.
LaTeX Info: Redefining \. on input line 135.
LaTeX Info: Redefining \% on input line 135.
 [23]
<muon-attenuation.pdf, id=830, 580.46764pt x 228.99394pt>
File: muon-attenuation.pdf Graphic file (type pdf)
<use muon-attenuation.pdf>
Package pdftex.def Info: muon-attenuation.pdf  used on input line 140.
(pdftex.def)             Requested size: 430.00462pt x 169.64154pt.
<adc_attenuation.pdf, id=831, 578.16pt x 289.08pt>
File: adc_attenuation.pdf Graphic file (type pdf)
<use adc_attenuation.pdf>
Package pdftex.def Info: adc_attenuation.pdf  used on input line 147.
(pdftex.def)             Requested size: 430.00462pt x 215.00095pt.

Underfull \vbox (badness 1521) has occurred while \output is active []

LaTeX Info: Redefining \. on input line 155.
LaTeX Info: Redefining \% on input line 155.
 [24 <./data_atlength.pdf>]
LaTeX Info: Redefining \. on input line 155.
LaTeX Info: Redefining \% on input line 155.
 [25 <./muon-attenuation.pdf> <./adc_attenuation.pdf

pdfTeX warning: pdflatex (file ./adc_attenuation.pdf): PDF inclusion: multiple pdfs with page group included in a single page
>]
LaTeX Info: Redefining \. on input line 177.
LaTeX Info: Redefining \% on input line 177.
 [26]
LaTeX Info: Redefining \. on input line 201.
LaTeX Info: Redefining \% on input line 201.
 [27]
<led-driver.pdf, id=929, 544.76822pt x 323.52568pt>
File: led-driver.pdf Graphic file (type pdf)
<use led-driver.pdf>
Package pdftex.def Info: led-driver.pdf  used on input line 210.
(pdftex.def)             Requested size: 430.00462pt x 255.37514pt.
<sphe-signal.pdf, id=931, 578.16pt x 289.08pt>
File: sphe-signal.pdf Graphic file (type pdf)
<use sphe-signal.pdf>
Package pdftex.def Info: sphe-signal.pdf  used on input line 223.
(pdftex.def)             Requested size: 430.00462pt x 215.00095pt.
LaTeX Info: Redefining \. on input line 230.
LaTeX Info: Redefining \% on input line 230.
 [28]
LaTeX Info: Redefining \. on input line 230.
LaTeX Info: Redefining \% on input line 230.
 [29 <./led-driver.pdf> <./sphe-signal.pdf>]
<mapmt_charge.pdf, id=993, 578.16pt x 289.08pt>
File: mapmt_charge.pdf Graphic file (type pdf)
<use mapmt_charge.pdf>
Package pdftex.def Info: mapmt_charge.pdf  used on input line 244.
(pdftex.def)             Requested size: 430.00462pt x 215.00095pt.
LaTeX Info: Redefining \. on input line 251.
LaTeX Info: Redefining \% on input line 251.
 [30 <./mapmt_charge.pdf>]
<muons-experiment.pdf, id=1024, 6978.23174pt x 2669.0362pt>
File: muons-experiment.pdf Graphic file (type pdf)
<use muons-experiment.pdf>
Package pdftex.def Info: muons-experiment.pdf  used on input line 270.
(pdftex.def)             Requested size: 430.00462pt x 164.45224pt.
LaTeX Info: Redefining \. on input line 276.
LaTeX Info: Redefining \% on input line 276.
 [31]
<scibar-edep.pdf, id=1038, 578.16pt x 289.08pt>
File: scibar-edep.pdf Graphic file (type pdf)
<use scibar-edep.pdf>
Package pdftex.def Info: scibar-edep.pdf  used on input line 279.
(pdftex.def)             Requested size: 430.00462pt x 215.00095pt.
<muon-pulse.pdf, id=1042, 578.16pt x 289.08pt>
File: muon-pulse.pdf Graphic file (type pdf)
<use muon-pulse.pdf>
Package pdftex.def Info: muon-pulse.pdf  used on input line 294.
(pdftex.def)             Requested size: 430.00462pt x 215.00095pt.
LaTeX Info: Redefining \. on input line 300.
LaTeX Info: Redefining \% on input line 300.
 [32 <./muons-experiment.pdf>]
LaTeX Info: Redefining \. on input line 300.
LaTeX Info: Redefining \% on input line 300.
 [33 <./scibar-edep.pdf> <./muon-pulse.pdf

pdfTeX warning: pdflatex (file ./muon-pulse.pdf): PDF inclusion: multiple pdfs with page group included in a single page
>]
LaTeX Info: Redefining \. on input line 310.
LaTeX Info: Redefining \% on input line 310.
 [34]
<tmax_dist.pdf, id=1089, 578.16pt x 289.08pt>
File: tmax_dist.pdf Graphic file (type pdf)
<use tmax_dist.pdf>
Package pdftex.def Info: tmax_dist.pdf  used on input line 313.
(pdftex.def)             Requested size: 430.00462pt x 215.00095pt.
<muons-tail-fit.pdf, id=1092, 524.02704pt x 279.86458pt>
File: muons-tail-fit.pdf Graphic file (type pdf)
<use muons-tail-fit.pdf>
Package pdftex.def Info: muons-tail-fit.pdf  used on input line 322.
(pdftex.def)             Requested size: 430.00462pt x 229.66125pt.

Underfull \vbox (badness 1466) has occurred while \output is active []

LaTeX Info: Redefining \. on input line 328.
LaTeX Info: Redefining \% on input line 328.
 [35 <./tmax_dist.pdf>]
<t90_dist.pdf, id=1120, 578.16pt x 289.08pt>
File: t90_dist.pdf Graphic file (type pdf)
<use t90_dist.pdf>
Package pdftex.def Info: t90_dist.pdf  used on input line 331.
(pdftex.def)             Requested size: 430.00462pt x 215.00095pt.
<qtime-dist.pdf, id=1123, 578.16pt x 289.08pt>
File: qtime-dist.pdf Graphic file (type pdf)
<use qtime-dist.pdf>
Package pdftex.def Info: qtime-dist.pdf  used on input line 340.
(pdftex.def)             Requested size: 430.00462pt x 215.00095pt.
LaTeX Info: Redefining \. on input line 346.
LaTeX Info: Redefining \% on input line 346.
 [36 <./muons-tail-fit.pdf>]
LaTeX Info: Redefining \. on input line 346.
LaTeX Info: Redefining \% on input line 346.
 [37 <./t90_dist.pdf> <./qtime-dist.pdf

pdfTeX warning: pdflatex (file ./qtime-dist.pdf): PDF inclusion: multiple pdfs with page group included in a single page
>]
<photons-number.pdf, id=1199, 578.16pt x 289.08pt>
File: photons-number.pdf Graphic file (type pdf)
<use photons-number.pdf>
Package pdftex.def Info: photons-number.pdf  used on input line 356.
(pdftex.def)             Requested size: 430.00462pt x 215.00095pt.
)
LaTeX Info: Redefining \. on input line 16.
LaTeX Info: Redefining \% on input line 16.
 [38]
LaTeX Info: Redefining \. on input line 16.
LaTeX Info: Redefining \% on input line 16.
 [39 <./photons-number.pdf>] (./cap3.tex
Cap\'{\i }tulo 3.
[40




]
<scicrt-sim.pdf, id=1239, 578.16pt x 289.08pt>
File: scicrt-sim.pdf Graphic file (type pdf)
<use scicrt-sim.pdf>
Package pdftex.def Info: scicrt-sim.pdf  used on input line 20.
(pdftex.def)             Requested size: 430.00462pt x 215.00095pt.

Underfull \vbox (badness 10000) has occurred while \output is active []

LaTeX Info: Redefining \. on input line 28.
LaTeX Info: Redefining \% on input line 28.
 [41 <./scicrt-sim.pdf>]
<electronics-deff.pdf, id=1265, 578.16pt x 289.08pt>
File: electronics-deff.pdf Graphic file (type pdf)
<use electronics-deff.pdf>
Package pdftex.def Info: electronics-deff.pdf  used on input line 35.
(pdftex.def)             Requested size: 430.00462pt x 215.00095pt.

Underfull \vbox (badness 10000) has occurred while \output is active []

LaTeX Info: Redefining \. on input line 43.
LaTeX Info: Redefining \% on input line 43.
 [42 <./electronics-deff.pdf>]
LaTeX Info: Redefining \. on input line 67.
LaTeX Info: Redefining \% on input line 67.
 [43]
<TOT-model.pdf, id=1296, 867.24pt x 433.62pt>
File: TOT-model.pdf Graphic file (type pdf)
<use TOT-model.pdf>
Package pdftex.def Info: TOT-model.pdf  used on input line 86.
(pdftex.def)             Requested size: 430.00462pt x 215.00316pt.
LaTeX Info: Redefining \. on input line 95.
LaTeX Info: Redefining \% on input line 95.
 [44]
<nfeb-prot.pdf, id=1307, 542.94948pt x 424.0693pt>
File: nfeb-prot.pdf Graphic file (type pdf)
<use nfeb-prot.pdf>
Package pdftex.def Info: nfeb-prot.pdf  used on input line 101.
(pdftex.def)             Requested size: 430.00462pt x 335.85875pt.

Underfull \vbox (badness 10000) has occurred while \output is active []

LaTeX Info: Redefining \. on input line 109.
LaTeX Info: Redefining \% on input line 109.
 [45 <./TOT-model.pdf>]
LaTeX Info: Redefining \. on input line 109.
LaTeX Info: Redefining \% on input line 109.
 [46 <./nfeb-prot.pdf>]
<tdc-diagram.pdf, id=1347, 2078.13156pt x 708.14091pt>
File: tdc-diagram.pdf Graphic file (type pdf)
<use tdc-diagram.pdf>
Package pdftex.def Info: tdc-diagram.pdf  used on input line 114.
(pdftex.def)             Requested size: 430.00462pt x 146.5205pt.
<tot-lvds.pdf, id=1349, 506.9472pt x 280.79169pt>
File: tot-lvds.pdf Graphic file (type pdf)
<use tot-lvds.pdf>
Package pdftex.def Info: tot-lvds.pdf  used on input line 123.
(pdftex.def)             Requested size: 430.00462pt x 238.17705pt.

Underfull \vbox (badness 2042) has occurred while \output is active []

LaTeX Info: Redefining \. on input line 129.
LaTeX Info: Redefining \% on input line 129.
 [47 <./tdc-diagram.pdf>]
LaTeX Info: Redefining \. on input line 135.
LaTeX Info: Redefining \% on input line 135.
 [48 <./tot-lvds.pdf>]
<phe-cal.pdf, id=1384, 578.16pt x 289.08pt>
File: phe-cal.pdf Graphic file (type pdf)
<use phe-cal.pdf>
Package pdftex.def Info: phe-cal.pdf  used on input line 140.
(pdftex.def)             Requested size: 430.00462pt x 215.00095pt.

Underfull \vbox (badness 1466) has occurred while \output is active []

LaTeX Info: Redefining \. on input line 146.
LaTeX Info: Redefining \% on input line 146.
 [49 <./phe-cal.pdf>]
<tot_d30par.pdf, id=1587, 578.16pt x 289.08pt>
File: tot_d30par.pdf Graphic file (type pdf)
<use tot_d30par.pdf>
Package pdftex.def Info: tot_d30par.pdf  used on input line 160.
(pdftex.def)             Requested size: 430.00462pt x 215.00095pt.
<tot_distance.pdf, id=1590, 518.35497pt x 279.86458pt>
File: tot_distance.pdf Graphic file (type pdf)
<use tot_distance.pdf>
Package pdftex.def Info: tot_distance.pdf  used on input line 171.
(pdftex.def)             Requested size: 430.00462pt x 232.1637pt.
LaTeX Info: Redefining \. on input line 177.
LaTeX Info: Redefining \% on input line 177.
 [50]
LaTeX Info: Redefining \. on input line 177.
LaTeX Info: Redefining \% on input line 177.
 [51 <./tot_d30par.pdf> <./tot_distance.pdf

pdfTeX warning: pdflatex (file ./tot_distance.pdf): PDF inclusion: multiple pdfs with page group included in a single page
>]
<neutron_ver1.jpg, id=1680, 4175.6pt x 3131.7pt>
File: neutron_ver1.jpg Graphic file (type jpg)
<use neutron_ver1.jpg>
Package pdftex.def Info: neutron_ver1.jpg  used on input line 183.
(pdftex.def)             Requested size: 210.70462pt x 158.02774pt.
<complete-system.jpg, id=1681, 2055.68pt x 1156.32pt>
File: complete-system.jpg Graphic file (type jpg)
<use complete-system.jpg>
Package pdftex.def Info: complete-system.jpg  used on input line 188.
(pdftex.def)             Requested size: 210.70462pt x 118.51474pt.
LaTeX Info: Redefining \. on input line 200.
LaTeX Info: Redefining \% on input line 200.
 [52 <./neutron_ver1.jpg> <./complete-system.jpg>]
<preamp-shaper-final.pdf, id=1689, 629.88327pt x 167.06715pt>
File: preamp-shaper-final.pdf Graphic file (type pdf)
<use preamp-shaper-final.pdf>
Package pdftex.def Info: preamp-shaper-final.pdf  used on input line 203.
(pdftex.def)             Requested size: 430.00462pt x 114.05281pt.
<tdc_sim-exp.pdf, id=1690, 519.63342pt x 278.00781pt>
File: tdc_sim-exp.pdf Graphic file (type pdf)
<use tdc_sim-exp.pdf>
Package pdftex.def Info: tdc_sim-exp.pdf  used on input line 210.
(pdftex.def)             Requested size: 430.00462pt x 230.05496pt.
)
LaTeX Info: Redefining \. on input line 17.
LaTeX Info: Redefining \% on input line 17.
 [53 <./preamp-shaper-final.pdf>]
LaTeX Info: Redefining \. on input line 17.
LaTeX Info: Redefining \% on input line 17.
 [54 <./tdc_sim-exp.pdf>] (./cap4.tex
Cap\'{\i }tulo 4.

Package hyperref Warning: Token not allowed in a PDF string (PDFDocEncoding):
(hyperref)                removing `\\' on input line 3.

[55




]
<sim-setup.pdf, id=1746, 372.00078pt x 244.7825pt>
File: sim-setup.pdf Graphic file (type pdf)
<use sim-setup.pdf>
Package pdftex.def Info: sim-setup.pdf  used on input line 25.
(pdftex.def)             Requested size: 322.50346pt x 212.22697pt.
<scibar-efficiency.pdf, id=1748, 578.16pt x 289.08pt>
File: scibar-efficiency.pdf Graphic file (type pdf)
<use scibar-efficiency.pdf>
Package pdftex.def Info: scibar-efficiency.pdf  used on input line 37.
(pdftex.def)             Requested size: 430.00462pt x 215.00095pt.
<muon-monthly.pdf, id=1749, 578.16pt x 289.08pt>
File: muon-monthly.pdf Graphic file (type pdf)
<use muon-monthly.pdf>
Package pdftex.def Info: muon-monthly.pdf  used on input line 46.
(pdftex.def)             Requested size: 430.00462pt x 215.00095pt.
<neutron-monthly.pdf, id=1750, 578.16pt x 289.08pt>
File: neutron-monthly.pdf Graphic file (type pdf)
<use neutron-monthly.pdf>
Package pdftex.def Info: neutron-monthly.pdf  used on input line 53.
(pdftex.def)             Requested size: 430.00462pt x 215.00095pt.
<neutron-mip_stability.pdf, id=1751, 578.16pt x 289.08pt>
File: neutron-mip_stability.pdf Graphic file (type pdf)
<use neutron-mip_stability.pdf>
Package pdftex.def Info: neutron-mip_stability.pdf  used on input line 61.
(pdftex.def)             Requested size: 430.00462pt x 215.00095pt.
<neutron-170904.pdf, id=1752, 578.16pt x 289.08pt>
File: neutron-170904.pdf Graphic file (type pdf)
<use neutron-170904.pdf>
Package pdftex.def Info: neutron-170904.pdf  used on input line 70.
(pdftex.def)             Requested size: 430.00462pt x 215.00095pt.
<neutron-170906.pdf, id=1753, 578.16pt x 289.08pt>
File: neutron-170906.pdf Graphic file (type pdf)
<use neutron-170906.pdf>
Package pdftex.def Info: neutron-170906.pdf  used on input line 77.
(pdftex.def)             Requested size: 430.00462pt x 215.00095pt.
)
LaTeX Info: Redefining \. on input line 18.
LaTeX Info: Redefining \% on input line 18.
 [56 <./sim-setup.pdf>]
LaTeX Info: Redefining \. on input line 18.
LaTeX Info: Redefining \% on input line 18.
 [57 <./scibar-efficiency.pdf> <./muon-monthly.pdf

pdfTeX warning: pdflatex (file ./muon-monthly.pdf): PDF inclusion: multiple pdfs with page group included in a single page
>]
LaTeX Info: Redefining \. on input line 18.
LaTeX Info: Redefining \% on input line 18.
 [58 <./neutron-monthly.pdf> <./neutron-mip_stability.pdf

pdfTeX warning: pdflatex (file ./neutron-mip_stability.pdf): PDF inclusion: multiple pdfs with page group included in a single page
>]
LaTeX Info: Redefining \. on input line 18.
LaTeX Info: Redefining \% on input line 18.
 [59 <./neutron-170904.pdf> <./neutron-170906.pdf

pdfTeX warning: pdflatex (file ./neutron-170906.pdf): PDF inclusion: multiple pdfs with page group included in a single page
>] (./conclusion.tex
Cap\'{\i }tulo 5.
) [60




]
LaTeX Info: Redefining \. on input line 19.
LaTeX Info: Redefining \% on input line 19.
 [61] [62



]
Overfull \hbox (17.37166pt too wide) in paragraph at lines 22--22
\T1/ppl/m/n/10 diaion in the 2005 Sep-tem-ber 7 so-lar fla-re^^T. En: \T1/ppl/m/it/10 The As-trophy-si-cal Jour-nal \T1/ppl/m/n/10 651 (2006), pgs. L69[]L72. 
 []

LaTeX Info: Redefining \. on input line 21.
LaTeX Info: Redefining \% on input line 21.
[63]
LaTeX Info: Redefining \. on input line 21.
LaTeX Info: Redefining \% on input line 21.
 [64]
LaTeX Info: Redefining \. on input line 22.
LaTeX Info: Redefining \% on input line 22.
 [65] (./tesis.aux (./portada.aux)
LaTeX Info: Redefining \sptext on input line 31.
LaTeX Info: Redefining \. on input line 31.
LaTeX Info: Redefining \% on input line 31.
 (./resumen.aux) (./cap1.aux) (./cap2.aux) (./cap3.aux) (./cap4.aux) (./conclusion.aux))
Package rerunfilecheck Info: File `tesis.out' has not changed.
(rerunfilecheck)             Checksum: 65F0DFEC3083027A731861B49893E3FA;1870.
Package logreq Info: Writing requests to 'tesis.run.xml'.
 ) 
Here is how much of TeX's memory you used:
 27110 strings out of 479383
 493306 string characters out of 5875830
 1345612 words of memory out of 5000000
 43459 multiletter control sequences out of 15000+600000
 513343 words of font info for 259 fonts, out of 8000000 for 9000
 1141 hyphenation exceptions out of 8191
 94i,21n,98p,1532b,2646s stack positions out of 5000i,500n,10000p,200000b,80000s
{/usr/share/texmf-dist/fonts/enc/dvips/cm-super/cm-super-t1.enc}{/usr/share/texmf-dist/fonts/enc/dvips/base/8r.enc}</usr/share/texmf-dist/fonts/type1/public/amsfonts/cm/cmbsy10.pfb></usr/share/texmf-dist/fonts/type1/public/amsfonts/cm/cmbx10.pfb></usr/share/texmf-dist/fonts/type1/public/amsfonts/cm/cmex10.pfb></usr/share/texmf-dist/fonts/type1/public/amsfonts/cm/cmmi10.pfb></usr/share/texmf-dist/fonts/type1/public/amsfonts/cm/cmmi12.pfb></usr/share/texmf-dist/fonts/type1/public/amsfonts/cm/cmmi7.pfb></usr/share/texmf-dist/fonts/type1/public/amsfonts/cm/cmr10.pfb></usr/share/texmf-dist/fonts/type1/public/amsfonts/cm/cmr12.pfb></usr/share/texmf-dist/fonts/type1/public/amsfonts/cm/cmr7.pfb></usr/share/texmf-dist/fonts/type1/public/amsfonts/cm/cmr9.pfb></usr/share/texmf-dist/fonts/type1/public/amsfonts/cm/cmss10.pfb></usr/share/texmf-dist/fonts/type1/public/amsfonts/cm/cmss12.pfb></usr/share/texmf-dist/fonts/type1/public/amsfonts/cm/cmsy10.pfb></usr/share/texmf-dist/fonts/type1/public/am
sfonts/cm/cmsy7.pfb></usr/share/texmf-dist/fonts/type1/public/amsfonts/cm/cmsy9.pfb></usr/share/texmf-dist/fonts/type1/public/amsfonts/euler/euex10.pfb></usr/share/texmf-dist/fonts/type1/public/amsfonts/euler/eufb10.pfb></usr/share/texmf-dist/fonts/type1/public/amsfonts/euler/eufm10.pfb></usr/share/texmf-dist/fonts/type1/public/amsfonts/euler/eufm7.pfb></usr/share/texmf-dist/fonts/type1/public/amsfonts/euler/eurm10.pfb></usr/share/texmf-dist/fonts/type1/public/amsfonts/euler/eurm7.pfb></usr/share/texmf-dist/fonts/type1/public/amsfonts/euler/eusm10.pfb></usr/share/texmf-dist/fonts/type1/public/amsfonts/symbols/msam10.pfb></usr/share/texmf-dist/fonts/type1/public/cm-super/sfss1200.pfb></usr/share/texmf-dist/fonts/type1/public/cm-super/sfss1440.pfb></usr/share/texmf-dist/fonts/type1/public/cm-super/sftt1000.pfb></usr/share/texmf-dist/fonts/type1/urw/helvetic/uhvr8a.pfb></usr/share/texmf-dist/fonts/type1/urw/palatino/uplb8a.pfb></usr/share/texmf-dist/fonts/type1/urw/palatino/uplbi8a.pfb></
usr/share/texmf-dist/fonts/type1/urw/palatino/uplr8a.pfb></usr/share/texmf-dist/fonts/type1/urw/palatino/uplri8a.pfb></usr/share/texmf-dist/fonts/type1/public/wasy-type1/wasy10.pfb>
Output written on tesis.pdf (71 pages, 3284014 bytes).
PDF statistics:
 2076 PDF objects out of 2487 (max. 8388607)
 1651 compressed objects within 17 object streams
 229 named destinations out of 1000 (max. 500000)
 419 words of extra memory for PDF output out of 10000 (max. 10000000)

