\BOOKMARK [0][]{chapter*.2}{Resumen}{}% 1
\BOOKMARK [0][]{chapter.1}{1 Mirando al Sol invisible}{}% 2
\BOOKMARK [1][]{section.1.1}{1.1 R\341fagas solares}{chapter.1}% 3
\BOOKMARK [1][]{section.1.2}{1.2 Aceleraci\363n de part\355culas en R\341fagas}{chapter.1}% 4
\BOOKMARK [1][]{section.1.3}{1.3 Observaciones de rayos \040solares}{chapter.1}% 5
\BOOKMARK [1][]{section.1.4}{1.4 Observaci\363n de neutrones solares}{chapter.1}% 6
\BOOKMARK [2][]{subsection.1.4.1}{1.4.1 Propagaci\363n de neutrones solares}{section.1.4}% 7
\BOOKMARK [2][]{subsection.1.4.2}{1.4.2 Observaciones en el espacio y superficie}{section.1.4}% 8
\BOOKMARK [0][]{chapter.2}{2 Telescopio centellador de Rayos C\363smicos}{}% 9
\BOOKMARK [1][]{section.2.1}{2.1 Descripci\363n del detector}{chapter.2}% 10
\BOOKMARK [1][]{section.2.2}{2.2 Caracterizaci\363n del sistema \363ptico: barra de centlleo y fibra WLS}{chapter.2}% 11
\BOOKMARK [1][]{section.2.3}{2.3 Formaci\363n de la se\361al de detecci\363n y respuesta del fotomultiplicador}{chapter.2}% 12
\BOOKMARK [1][]{section.2.4}{2.4 Validaci\363n experimental de la simulaci\363n}{chapter.2}% 13
\BOOKMARK [0][]{chapter.3}{3 Desarrollo de nueva electr\363nica para el SciCRT}{}% 14
\BOOKMARK [1][]{section.3.1}{3.1 Desempe\361o del SciCRT ante un evento de neutrones solares}{chapter.3}% 15
\BOOKMARK [1][]{section.3.2}{3.2 La t\351cnica de Time over threshold}{chapter.3}% 16
\BOOKMARK [1][]{section.3.3}{3.3 Dise\361o de un Time digital converter con sobremuestreo}{chapter.3}% 17
\BOOKMARK [1][]{section.3.4}{3.4 Dise\361o y optimizaci\363n de la electr\363nica}{chapter.3}% 18
\BOOKMARK [0][]{chapter.4}{4 Detecci\363n de part\355culas energ\351ticas solares en el SciCRT}{}% 19
\BOOKMARK [1][]{section.4.1}{4.1 Desempe\361o del SciCRT como detector de RC}{chapter.4}% 20
\BOOKMARK [0][]{chapter.5}{5 Conclusi\363n y trabajo a futuro}{}% 21
